{"uuid":"021580d9-b3bb-419d-a6ea-fa5dff1762ca","historyId":"8aee4722ce7a68798884f2fe64c28951","fullName":"com.assured.tests.T01_LoginTest.urlTest","labels":[{"name":"package","value":"com.assured.tests.T01_LoginTest"},{"name":"testClass","value":"com.assured.tests.T01_LoginTest"},{"name":"testMethod","value":"urlTest"},{"name":"parentSuite","value":"Default Suite"},{"name":"suite","value":"mailnator"},{"name":"subSuite","value":"com.assured.tests.T01_LoginTest"},{"name":"host","value":"DESKTOP-8DPA8DO"},{"name":"thread","value":"14708@DESKTOP-8DPA8DO.main(1)"},{"name":"framework","value":"testng"},{"name":"language","value":"java"},{"name":"epic","value":"Regression Test CRM"},{"name":"feature","value":"Sign In Test"}],"links":[],"name":"TC03_urlTest","status":"broken","statusDetails":{"known":false,"muted":false,"flaky":false,"message":"com.microsoft.playwright.PlaywrightException: Error {\n  message='url: expected string, got undefined\n  name='Error\n  stack='Error: url: expected string, got undefined\n    at tString (C:\\Users\\Gnana\\AppData\\Local\\Temp\\playwright-java-4315350034762139349\\package\\lib\\protocol\\validatorPrimitives.js:58:9)\n    at C:\\Users\\Gnana\\AppData\\Local\\Temp\\playwright-java-4315350034762139349\\package\\lib\\protocol\\validatorPrimitives.js:107:21\n    at DispatcherConnection.dispatch (C:\\Users\\Gnana\\AppData\\Local\\Temp\\playwright-java-4315350034762139349\\package\\lib\\server\\dispatchers\\dispatcher.js:281:21)\n    at transport.onmessage (C:\\Users\\Gnana\\AppData\\Local\\Temp\\playwright-java-4315350034762139349\\package\\lib\\cli\\driver.js:52:57)\n    at Immediate._onImmediate (C:\\Users\\Gnana\\AppData\\Local\\Temp\\playwright-java-4315350034762139349\\package\\lib\\protocol\\transport.js:77:34)\n    at process.processImmediate (node:internal/timers:491:21)\n}","trace":"java.lang.RuntimeException: com.microsoft.playwright.PlaywrightException: Error {\n  message='url: expected string, got undefined\n  name='Error\n  stack='Error: url: expected string, got undefined\n    at tString (C:\\Users\\Gnana\\AppData\\Local\\Temp\\playwright-java-4315350034762139349\\package\\lib\\protocol\\validatorPrimitives.js:58:9)\n    at C:\\Users\\Gnana\\AppData\\Local\\Temp\\playwright-java-4315350034762139349\\package\\lib\\protocol\\validatorPrimitives.js:107:21\n    at DispatcherConnection.dispatch (C:\\Users\\Gnana\\AppData\\Local\\Temp\\playwright-java-4315350034762139349\\package\\lib\\server\\dispatchers\\dispatcher.js:281:21)\n    at transport.onmessage (C:\\Users\\Gnana\\AppData\\Local\\Temp\\playwright-java-4315350034762139349\\package\\lib\\cli\\driver.js:52:57)\n    at Immediate._onImmediate (C:\\Users\\Gnana\\AppData\\Local\\Temp\\playwright-java-4315350034762139349\\package\\lib\\protocol\\transport.js:77:34)\n    at process.processImmediate (node:internal/timers:491:21)\n}\r\n\tat com.assured.services.PageActions.openNewBrowserAndPerformAction(PageActions.java:561)\r\n\tat com.assured.pages.P01_LoginPage.login(P01_LoginPage.java:96)\r\n\tat com.assured.tests.T01_LoginTest.urlTest(T01_LoginTest.java:47)\r\n\tat java.base/jdk.internal.reflect.DirectMethodHandleAccessor.invoke(DirectMethodHandleAccessor.java:103)\r\n\tat java.base/java.lang.reflect.Method.invoke(Method.java:580)\r\n\tat org.testng.internal.invokers.MethodInvocationHelper.invokeMethod(MethodInvocationHelper.java:141)\r\n\tat org.testng.internal.invokers.TestInvoker.invokeMethod(TestInvoker.java:686)\r\n\tat org.testng.internal.invokers.TestInvoker.invokeTestMethod(TestInvoker.java:230)\r\n\tat org.testng.internal.invokers.MethodRunner.runInSequence(MethodRunner.java:63)\r\n\tat org.testng.internal.invokers.TestInvoker$MethodInvocationAgent.invoke(TestInvoker.java:992)\r\n\tat org.testng.internal.invokers.TestInvoker.invokeTestMethods(TestInvoker.java:203)\r\n\tat org.testng.internal.invokers.TestMethodWorker.invokeTestMethods(TestMethodWorker.java:154)\r\n\tat org.testng.internal.invokers.TestMethodWorker.run(TestMethodWorker.java:134)\r\n\tat java.base/java.util.ArrayList.forEach(ArrayList.java:1597)\r\n\tat org.testng.TestRunner.privateRun(TestRunner.java:739)\r\n\tat org.testng.TestRunner.run(TestRunner.java:614)\r\n\tat org.testng.SuiteRunner.runTest(SuiteRunner.java:421)\r\n\tat org.testng.SuiteRunner.runSequentially(SuiteRunner.java:413)\r\n\tat org.testng.SuiteRunner.privateRun(SuiteRunner.java:373)\r\n\tat org.testng.SuiteRunner.run(SuiteRunner.java:312)\r\n\tat org.testng.SuiteRunnerWorker.runSuite(SuiteRunnerWorker.java:52)\r\n\tat org.testng.SuiteRunnerWorker.run(SuiteRunnerWorker.java:95)\r\n\tat org.testng.TestNG.runSuitesSequentially(TestNG.java:1274)\r\n\tat org.testng.TestNG.runSuitesLocally(TestNG.java:1208)\r\n\tat org.testng.TestNG.runSuites(TestNG.java:1112)\r\n\tat org.testng.TestNG.run(TestNG.java:1079)\r\n\tat com.intellij.rt.testng.IDEARemoteTestNG.run(IDEARemoteTestNG.java:65)\r\n\tat com.intellij.rt.testng.RemoteTestNGStarter.main(RemoteTestNGStarter.java:105)\r\nCaused by: com.microsoft.playwright.PlaywrightException: Error {\n  message='url: expected string, got undefined\n  name='Error\n  stack='Error: url: expected string, got undefined\n    at tString (C:\\Users\\Gnana\\AppData\\Local\\Temp\\playwright-java-4315350034762139349\\package\\lib\\protocol\\validatorPrimitives.js:58:9)\n    at C:\\Users\\Gnana\\AppData\\Local\\Temp\\playwright-java-4315350034762139349\\package\\lib\\protocol\\validatorPrimitives.js:107:21\n    at DispatcherConnection.dispatch (C:\\Users\\Gnana\\AppData\\Local\\Temp\\playwright-java-4315350034762139349\\package\\lib\\server\\dispatchers\\dispatcher.js:281:21)\n    at transport.onmessage (C:\\Users\\Gnana\\AppData\\Local\\Temp\\playwright-java-4315350034762139349\\package\\lib\\cli\\driver.js:52:57)\n    at Immediate._onImmediate (C:\\Users\\Gnana\\AppData\\Local\\Temp\\playwright-java-4315350034762139349\\package\\lib\\protocol\\transport.js:77:34)\n    at process.processImmediate (node:internal/timers:491:21)\n}\r\n\tat com.microsoft.playwright.impl.WaitableResult.get(WaitableResult.java:56)\r\n\tat com.microsoft.playwright.impl.ChannelOwner.runUntil(ChannelOwner.java:132)\r\n\tat com.microsoft.playwright.impl.Connection.sendMessage(Connection.java:130)\r\n\tat com.microsoft.playwright.impl.ChannelOwner.sendMessage(ChannelOwner.java:118)\r\n\tat com.microsoft.playwright.impl.FrameImpl.navigateImpl(FrameImpl.java:463)\r\n\tat com.microsoft.playwright.impl.PageImpl.lambda$navigate$47(PageImpl.java:943)\r\n\tat com.microsoft.playwright.impl.LoggingSupport.withLogging(LoggingSupport.java:47)\r\n\tat com.microsoft.playwright.impl.ChannelOwner.withLogging(ChannelOwner.java:97)\r\n\tat com.microsoft.playwright.impl.PageImpl.navigate(PageImpl.java:943)\r\n\tat com.microsoft.playwright.impl.PageImpl.navigate(PageImpl.java:42)\r\n\tat com.assured.services.PageActions.navigate(PageActions.java:73)\r\n\tat com.assured.pages.P01_LoginPage.lambda$login$0(P01_LoginPage.java:97)\r\n\tat com.assured.services.PageActions.openNewBrowserAndPerformAction(PageActions.java:554)\r\n\t... 27 more\r\nCaused by: com.microsoft.playwright.impl.DriverException: Error {\n  message='url: expected string, got undefined\n  name='Error\n  stack='Error: url: expected string, got undefined\n    at tString (C:\\Users\\Gnana\\AppData\\Local\\Temp\\playwright-java-4315350034762139349\\package\\lib\\protocol\\validatorPrimitives.js:58:9)\n    at C:\\Users\\Gnana\\AppData\\Local\\Temp\\playwright-java-4315350034762139349\\package\\lib\\protocol\\validatorPrimitives.js:107:21\n    at DispatcherConnection.dispatch (C:\\Users\\Gnana\\AppData\\Local\\Temp\\playwright-java-4315350034762139349\\package\\lib\\server\\dispatchers\\dispatcher.js:281:21)\n    at transport.onmessage (C:\\Users\\Gnana\\AppData\\Local\\Temp\\playwright-java-4315350034762139349\\package\\lib\\cli\\driver.js:52:57)\n    at Immediate._onImmediate (C:\\Users\\Gnana\\AppData\\Local\\Temp\\playwright-java-4315350034762139349\\package\\lib\\protocol\\transport.js:77:34)\n    at process.processImmediate (node:internal/timers:491:21)\n}\r\n\tat com.microsoft.playwright.impl.Connection.dispatch(Connection.java:259)\r\n\tat com.microsoft.playwright.impl.Connection.processOneMessage(Connection.java:211)\r\n\tat com.microsoft.playwright.impl.ChannelOwner.runUntil(ChannelOwner.java:130)\r\n\t... 38 more\r\n"},"stage":"finished","steps":[],"attachments":[],"parameters":[],"start":1740575039444,"stop":1740575059551}