[INFO] 26-02-2025 18:33:38 [main] [LogUtils] - Creating Playwright instance using factory method...
[INFO] 26-02-2025 18:33:38 [main] [LogUtils] - Warning !! Can not Load All File.
[INFO] 26-02-2025 18:33:59 [main] [LogUtils] - Page instance created: com.microsoft.playwright.impl.PageImpl@3935e9a8
[INFO] 26-02-2025 18:33:59 [main] [LogUtils] - Navigating to URL: https://staging.withassured.com/sign-in
[INFO] 26-02-2025 18:33:59 [main] [LogUtils] - ExtentTest instance is null. Test info: Navigating to URL: https://staging.withassured.com/sign-in
[INFO] 26-02-2025 18:33:59 [main] [LogUtils] - Test info: Navigating to URL: https://staging.withassured.com/sign-in
[ERROR] 26-02-2025 18:34:02 [main] [LogUtils] - Failed to capture screenshot: Illegal char <:> at index 34: screenshots\navigate_26/02/2025 18:34:02.png
[INFO] 26-02-2025 18:34:02 [main] [LogUtils] - Filling in email: 
[INFO] 26-02-2025 18:34:02 [main] [LogUtils] - ExtentTest instance is null. Test info: Filling text into element with selector: //*[@id='normal_login_email'] | Value: abc@gmail.com
[INFO] 26-02-2025 18:34:02 [main] [LogUtils] - Test info: Filling text into element with selector: //*[@id='normal_login_email'] | Value: abc@gmail.com
[INFO] 26-02-2025 18:34:02 [main] [LogUtils] - Filled element with selector: //*[@id='normal_login_email'] with text: abc@gmail.com
[ERROR] 26-02-2025 18:34:02 [main] [LogUtils] - Failed to capture screenshot: Illegal char <:> at index 33: screenshots\setText_26/02/2025 18:34:02.png
[INFO] 26-02-2025 18:34:02 [main] [LogUtils] - Filling in password.
[INFO] 26-02-2025 18:34:02 [main] [LogUtils] - ExtentTest instance is null. Test info: Filling text into element with selector: //*[@id='normal_login_password'] | Value: abc
[INFO] 26-02-2025 18:34:02 [main] [LogUtils] - Test info: Filling text into element with selector: //*[@id='normal_login_password'] | Value: abc
[INFO] 26-02-2025 18:34:02 [main] [LogUtils] - Filled element with selector: //*[@id='normal_login_password'] with text: abc
[ERROR] 26-02-2025 18:34:02 [main] [LogUtils] - Failed to capture screenshot: Illegal char <:> at index 33: screenshots\setText_26/02/2025 18:34:02.png
[INFO] 26-02-2025 18:34:10 [main] [LogUtils] - ExtentTest instance is null. Test info: Retrieving mail URL for domain: private, mailbox: abc1, expectedTo: stephan, expectedSubject: Onboarding Invite
[INFO] 26-02-2025 18:34:10 [main] [LogUtils] - Test info: Retrieving mail URL for domain: private, mailbox: abc1, expectedTo: stephan, expectedSubject: Onboarding Invite
[INFO] 26-02-2025 18:34:10 [main] [LogUtils] - Requesting inbox for domain: private
[INFO] 26-02-2025 18:34:13 [main] [LogUtils] - Inbox received with 4 messages
[WARN] 26-02-2025 18:34:13 [main] [LogUtils] - No matching email found. Expected to='stephan', subject containing='Onboarding Invite'
[ERROR] 26-02-2025 18:34:13 [main] [LogUtils] - ExtentTest instance is null. Test failed: No matching email found. Expected to='stephan', subject containing='Onboarding Invite'
[ERROR] 26-02-2025 18:34:13 [main] [LogUtils] - Test failed: No matching email found. Expected to='stephan', subject containing='Onboarding Invite'
[INFO] 26-02-2025 18:34:13 [main] [LogUtils] - ExtentTest instance is null. Test info: Opening a new browser instance to perform additional actions
[INFO] 26-02-2025 18:34:13 [main] [LogUtils] - Test info: Opening a new browser instance to perform additional actions
[INFO] 26-02-2025 18:34:17 [main] [LogUtils] - Opened new browser instance for additional actions.
[ERROR] 26-02-2025 18:34:17 [main] [LogUtils] - Failed to capture screenshot: Illegal char <:> at index 42: screenshots\newBrowserOpened_26/02/2025 18:34:17.png
[INFO] 26-02-2025 18:34:17 [main] [LogUtils] - Navigating to URL: null
[INFO] 26-02-2025 18:34:17 [main] [LogUtils] - ExtentTest instance is null. Test info: Navigating to URL: null
[INFO] 26-02-2025 18:34:17 [main] [LogUtils] - Test info: Navigating to URL: null
[ERROR] 26-02-2025 18:34:17 [main] [LogUtils] - Navigation failed with error: Error {
  message='url: expected string, got undefined
  name='Error
  stack='Error: url: expected string, got undefined
    at tString (C:\Users\Gnana\AppData\Local\Temp\playwright-java-4315350034762139349\package\lib\protocol\validatorPrimitives.js:58:9)
    at C:\Users\Gnana\AppData\Local\Temp\playwright-java-4315350034762139349\package\lib\protocol\validatorPrimitives.js:107:21
    at DispatcherConnection.dispatch (C:\Users\Gnana\AppData\Local\Temp\playwright-java-4315350034762139349\package\lib\server\dispatchers\dispatcher.js:281:21)
    at transport.onmessage (C:\Users\Gnana\AppData\Local\Temp\playwright-java-4315350034762139349\package\lib\cli\driver.js:52:57)
    at Immediate._onImmediate (C:\Users\Gnana\AppData\Local\Temp\playwright-java-4315350034762139349\package\lib\protocol\transport.js:77:34)
    at process.processImmediate (node:internal/timers:491:21)
}
[ERROR] 26-02-2025 18:34:17 [main] [LogUtils] - ExtentTest instance is null. Test failed: Navigation failed with error: Error {
  message='url: expected string, got undefined
  name='Error
  stack='Error: url: expected string, got undefined
    at tString (C:\Users\Gnana\AppData\Local\Temp\playwright-java-4315350034762139349\package\lib\protocol\validatorPrimitives.js:58:9)
    at C:\Users\Gnana\AppData\Local\Temp\playwright-java-4315350034762139349\package\lib\protocol\validatorPrimitives.js:107:21
    at DispatcherConnection.dispatch (C:\Users\Gnana\AppData\Local\Temp\playwright-java-4315350034762139349\package\lib\server\dispatchers\dispatcher.js:281:21)
    at transport.onmessage (C:\Users\Gnana\AppData\Local\Temp\playwright-java-4315350034762139349\package\lib\cli\driver.js:52:57)
    at Immediate._onImmediate (C:\Users\Gnana\AppData\Local\Temp\playwright-java-4315350034762139349\package\lib\protocol\transport.js:77:34)
    at process.processImmediate (node:internal/timers:491:21)
}
[ERROR] 26-02-2025 18:34:17 [main] [LogUtils] - Test failed: Navigation failed with error: Error {
  message='url: expected string, got undefined
  name='Error
  stack='Error: url: expected string, got undefined
    at tString (C:\Users\Gnana\AppData\Local\Temp\playwright-java-4315350034762139349\package\lib\protocol\validatorPrimitives.js:58:9)
    at C:\Users\Gnana\AppData\Local\Temp\playwright-java-4315350034762139349\package\lib\protocol\validatorPrimitives.js:107:21
    at DispatcherConnection.dispatch (C:\Users\Gnana\AppData\Local\Temp\playwright-java-4315350034762139349\package\lib\server\dispatchers\dispatcher.js:281:21)
    at transport.onmessage (C:\Users\Gnana\AppData\Local\Temp\playwright-java-4315350034762139349\package\lib\cli\driver.js:52:57)
    at Immediate._onImmediate (C:\Users\Gnana\AppData\Local\Temp\playwright-java-4315350034762139349\package\lib\protocol\transport.js:77:34)
    at process.processImmediate (node:internal/timers:491:21)
}
[ERROR] 26-02-2025 18:34:17 [main] [LogUtils] - Error during actions in new browser: Error {
  message='url: expected string, got undefined
  name='Error
  stack='Error: url: expected string, got undefined
    at tString (C:\Users\Gnana\AppData\Local\Temp\playwright-java-4315350034762139349\package\lib\protocol\validatorPrimitives.js:58:9)
    at C:\Users\Gnana\AppData\Local\Temp\playwright-java-4315350034762139349\package\lib\protocol\validatorPrimitives.js:107:21
    at DispatcherConnection.dispatch (C:\Users\Gnana\AppData\Local\Temp\playwright-java-4315350034762139349\package\lib\server\dispatchers\dispatcher.js:281:21)
    at transport.onmessage (C:\Users\Gnana\AppData\Local\Temp\playwright-java-4315350034762139349\package\lib\cli\driver.js:52:57)
    at Immediate._onImmediate (C:\Users\Gnana\AppData\Local\Temp\playwright-java-4315350034762139349\package\lib\protocol\transport.js:77:34)
    at process.processImmediate (node:internal/timers:491:21)
}
[ERROR] 26-02-2025 18:34:17 [main] [LogUtils] - ExtentTest instance is null. Test failed: Error during actions in new browser | Error {
  message='url: expected string, got undefined
  name='Error
  stack='Error: url: expected string, got undefined
    at tString (C:\Users\Gnana\AppData\Local\Temp\playwright-java-4315350034762139349\package\lib\protocol\validatorPrimitives.js:58:9)
    at C:\Users\Gnana\AppData\Local\Temp\playwright-java-4315350034762139349\package\lib\protocol\validatorPrimitives.js:107:21
    at DispatcherConnection.dispatch (C:\Users\Gnana\AppData\Local\Temp\playwright-java-4315350034762139349\package\lib\server\dispatchers\dispatcher.js:281:21)
    at transport.onmessage (C:\Users\Gnana\AppData\Local\Temp\playwright-java-4315350034762139349\package\lib\cli\driver.js:52:57)
    at Immediate._onImmediate (C:\Users\Gnana\AppData\Local\Temp\playwright-java-4315350034762139349\package\lib\protocol\transport.js:77:34)
    at process.processImmediate (node:internal/timers:491:21)
}
[ERROR] 26-02-2025 18:34:17 [main] [LogUtils] - Test failed: Error during actions in new browser | Error {
  message='url: expected string, got undefined
  name='Error
  stack='Error: url: expected string, got undefined
    at tString (C:\Users\Gnana\AppData\Local\Temp\playwright-java-4315350034762139349\package\lib\protocol\validatorPrimitives.js:58:9)
    at C:\Users\Gnana\AppData\Local\Temp\playwright-java-4315350034762139349\package\lib\protocol\validatorPrimitives.js:107:21
    at DispatcherConnection.dispatch (C:\Users\Gnana\AppData\Local\Temp\playwright-java-4315350034762139349\package\lib\server\dispatchers\dispatcher.js:281:21)
    at transport.onmessage (C:\Users\Gnana\AppData\Local\Temp\playwright-java-4315350034762139349\package\lib\cli\driver.js:52:57)
    at Immediate._onImmediate (C:\Users\Gnana\AppData\Local\Temp\playwright-java-4315350034762139349\package\lib\protocol\transport.js:77:34)
    at process.processImmediate (node:internal/timers:491:21)
}
[INFO] 26-02-2025 18:34:19 [main] [LogUtils] - Returned to original browser instance.
[INFO] 26-02-2025 18:34:19 [main] [LogUtils] - ExtentTest instance is null. Test info: Returned to original browser instance.
[INFO] 26-02-2025 18:34:19 [main] [LogUtils] - Test info: Returned to original browser instance.
[ERROR] 26-02-2025 18:34:19 [main] [LogUtils] - Failed to capture screenshot: Illegal char <:> at index 51: screenshots\returnedToOriginalBrowser_26/02/2025 18:34:19.png
[INFO] 26-02-2025 18:34:19 [main] [LogUtils] - Closing browser and cleaning up...
[INFO] 26-02-2025 18:38:17 [main] [LogUtils] - Creating Playwright instance using factory method...
[INFO] 26-02-2025 18:38:17 [main] [LogUtils] - Warning !! Can not Load All File.
[INFO] 26-02-2025 18:38:29 [main] [LogUtils] - Page instance created: com.microsoft.playwright.impl.PageImpl@56193c7d
[INFO] 26-02-2025 18:38:29 [main] [LogUtils] - Navigating to URL: https://staging.withassured.com/sign-in
[INFO] 26-02-2025 18:38:29 [main] [LogUtils] - ExtentTest instance is null. Test info: Navigating to URL: https://staging.withassured.com/sign-in
[INFO] 26-02-2025 18:38:29 [main] [LogUtils] - Test info: Navigating to URL: https://staging.withassured.com/sign-in
[ERROR] 26-02-2025 18:38:31 [main] [LogUtils] - Failed to capture screenshot: Illegal char <:> at index 34: screenshots\navigate_26/02/2025 18:38:31.png
[INFO] 26-02-2025 18:38:31 [main] [LogUtils] - Filling in email: 
[INFO] 26-02-2025 18:38:31 [main] [LogUtils] - ExtentTest instance is null. Test info: Filling text into element with selector: //*[@id='normal_login_email'] | Value: abc@gmail.com
[INFO] 26-02-2025 18:38:31 [main] [LogUtils] - Test info: Filling text into element with selector: //*[@id='normal_login_email'] | Value: abc@gmail.com
[INFO] 26-02-2025 18:38:32 [main] [LogUtils] - Filled element with selector: //*[@id='normal_login_email'] with text: abc@gmail.com
[ERROR] 26-02-2025 18:38:32 [main] [LogUtils] - Failed to capture screenshot: Illegal char <:> at index 33: screenshots\setText_26/02/2025 18:38:32.png
[INFO] 26-02-2025 18:38:32 [main] [LogUtils] - Filling in password.
[INFO] 26-02-2025 18:38:32 [main] [LogUtils] - ExtentTest instance is null. Test info: Filling text into element with selector: //*[@id='normal_login_password'] | Value: abc
[INFO] 26-02-2025 18:38:32 [main] [LogUtils] - Test info: Filling text into element with selector: //*[@id='normal_login_password'] | Value: abc
[INFO] 26-02-2025 18:38:32 [main] [LogUtils] - Filled element with selector: //*[@id='normal_login_password'] with text: abc
[ERROR] 26-02-2025 18:38:32 [main] [LogUtils] - Failed to capture screenshot: Illegal char <:> at index 33: screenshots\setText_26/02/2025 18:38:32.png
[INFO] 26-02-2025 18:38:40 [main] [LogUtils] - ExtentTest instance is null. Test info: Retrieving mail URL for domain: private, mailbox: abc1, expectedTo: abc1, expectedSubject: Onboarding Invite
[INFO] 26-02-2025 18:38:40 [main] [LogUtils] - Test info: Retrieving mail URL for domain: private, mailbox: abc1, expectedTo: abc1, expectedSubject: Onboarding Invite
[INFO] 26-02-2025 18:38:40 [main] [LogUtils] - Requesting inbox for domain: private
[INFO] 26-02-2025 18:38:43 [main] [LogUtils] - Inbox received with 4 messages
[INFO] 26-02-2025 18:38:43 [main] [LogUtils] - Matched message -> ID: abc1-1739950473-096790445903, To: abc1, Subject: Onboarding Invite
[INFO] 26-02-2025 18:38:43 [main] [LogUtils] - ExtentTest instance is null. Test info: Matched message details -> ID: abc1-1739950473-096790445903, To: abc1, Subject: Onboarding Invite
[INFO] 26-02-2025 18:38:43 [main] [LogUtils] - Test info: Matched message details -> ID: abc1-1739950473-096790445903, To: abc1, Subject: Onboarding Invite
[WARN] 26-02-2025 18:38:43 [main] [LogUtils] - No URL found in subject. Trying links API for message id: abc1-1739950473-096790445903
[INFO] 26-02-2025 18:38:43 [main] [LogUtils] - ExtentTest instance is null. Test info: No URL in subject, checking links API...
[INFO] 26-02-2025 18:38:43 [main] [LogUtils] - Test info: No URL in subject, checking links API...
[INFO] 26-02-2025 18:38:43 [main] [LogUtils] - Retrieved URL from links API: https://u24054449.ct.sendgrid.net/ls/click?upn=u001.uKTWfX-2BO7Cb7TshAM6sZKbEPm9EMqm9C4ZEtr6uuLun9WzqgtnF82p3mwtRkl8l6kvdK8O79Pbe-2By3oL-2FOovgRLsrvxOzFcLWjUmVZHFMSYxo4pL31ysTAxDgWi-2Fwl0d0Jv6j8337M1PQbHn-2ByF47HgZDmSJNIFOvhKkd7IfvuM6znFEt-2FOISzGeIcttEy4-2BWTLn-2FgGZuh0Kac4oEb-2FZCXOr5CP5CSu9XgxaIH-2Bc-2Bm4-3D2Wh3_xLcdvdxf4Fza8LcvkLiN7T2R0LE0AEGF9w71ltIf1dxiZxztG-2F-2FFBy-2BaknjWuan3S1snGKvnNFWrh23JyDr48xvjv0dlzKjn1dUx-2Bjfe4ts5ag6-2BwzCnl-2FZ326a1ofJ8-2FiCsyQdtU-2FZmGwg-2FjtBdre5IY9Z9gsksZJ8r1Gj1L-2B3m4jaUdkHXbuq6yeCCyA6s8KpriBzD68H3qMsG8XvO2KY7zOIP-2BmqG3edPLLi-2FPh9Wcg4qm-2BmrKBikVjc9WAR0Z3qS9nt0nZUBb-2B4JIS1m1413YY97apufSEOOPaTeY0cfEu8AH5ioknwUlO4kqrMdORl3iS1-2F1-2FVVpR277A6VplRmMI-2F0jr3FqFwr-2B4Oi-2FQIazlEHpgTDqFv2kt91vpfCsArmQ7zANCgqo-2F-2FFwTKsdGdnAyXYV6vQ5SVTcN-2FIgasA3VV0iCIpU87NPimhbI-2B3fkSN9HpyykeAusTdKk62Vw-3D-3D
[INFO] 26-02-2025 18:38:43 [main] [LogUtils] - ExtentTest instance is null. Test info: Mail invite URL retrieved from links API: https://u24054449.ct.sendgrid.net/ls/click?upn=u001.uKTWfX-2BO7Cb7TshAM6sZKbEPm9EMqm9C4ZEtr6uuLun9WzqgtnF82p3mwtRkl8l6kvdK8O79Pbe-2By3oL-2FOovgRLsrvxOzFcLWjUmVZHFMSYxo4pL31ysTAxDgWi-2Fwl0d0Jv6j8337M1PQbHn-2ByF47HgZDmSJNIFOvhKkd7IfvuM6znFEt-2FOISzGeIcttEy4-2BWTLn-2FgGZuh0Kac4oEb-2FZCXOr5CP5CSu9XgxaIH-2Bc-2Bm4-3D2Wh3_xLcdvdxf4Fza8LcvkLiN7T2R0LE0AEGF9w71ltIf1dxiZxztG-2F-2FFBy-2BaknjWuan3S1snGKvnNFWrh23JyDr48xvjv0dlzKjn1dUx-2Bjfe4ts5ag6-2BwzCnl-2FZ326a1ofJ8-2FiCsyQdtU-2FZmGwg-2FjtBdre5IY9Z9gsksZJ8r1Gj1L-2B3m4jaUdkHXbuq6yeCCyA6s8KpriBzD68H3qMsG8XvO2KY7zOIP-2BmqG3edPLLi-2FPh9Wcg4qm-2BmrKBikVjc9WAR0Z3qS9nt0nZUBb-2B4JIS1m1413YY97apufSEOOPaTeY0cfEu8AH5ioknwUlO4kqrMdORl3iS1-2F1-2FVVpR277A6VplRmMI-2F0jr3FqFwr-2B4Oi-2FQIazlEHpgTDqFv2kt91vpfCsArmQ7zANCgqo-2F-2FFwTKsdGdnAyXYV6vQ5SVTcN-2FIgasA3VV0iCIpU87NPimhbI-2B3fkSN9HpyykeAusTdKk62Vw-3D-3D
[INFO] 26-02-2025 18:38:43 [main] [LogUtils] - Test info: Mail invite URL retrieved from links API: https://u24054449.ct.sendgrid.net/ls/click?upn=u001.uKTWfX-2BO7Cb7TshAM6sZKbEPm9EMqm9C4ZEtr6uuLun9WzqgtnF82p3mwtRkl8l6kvdK8O79Pbe-2By3oL-2FOovgRLsrvxOzFcLWjUmVZHFMSYxo4pL31ysTAxDgWi-2Fwl0d0Jv6j8337M1PQbHn-2ByF47HgZDmSJNIFOvhKkd7IfvuM6znFEt-2FOISzGeIcttEy4-2BWTLn-2FgGZuh0Kac4oEb-2FZCXOr5CP5CSu9XgxaIH-2Bc-2Bm4-3D2Wh3_xLcdvdxf4Fza8LcvkLiN7T2R0LE0AEGF9w71ltIf1dxiZxztG-2F-2FFBy-2BaknjWuan3S1snGKvnNFWrh23JyDr48xvjv0dlzKjn1dUx-2Bjfe4ts5ag6-2BwzCnl-2FZ326a1ofJ8-2FiCsyQdtU-2FZmGwg-2FjtBdre5IY9Z9gsksZJ8r1Gj1L-2B3m4jaUdkHXbuq6yeCCyA6s8KpriBzD68H3qMsG8XvO2KY7zOIP-2BmqG3edPLLi-2FPh9Wcg4qm-2BmrKBikVjc9WAR0Z3qS9nt0nZUBb-2B4JIS1m1413YY97apufSEOOPaTeY0cfEu8AH5ioknwUlO4kqrMdORl3iS1-2F1-2FVVpR277A6VplRmMI-2F0jr3FqFwr-2B4Oi-2FQIazlEHpgTDqFv2kt91vpfCsArmQ7zANCgqo-2F-2FFwTKsdGdnAyXYV6vQ5SVTcN-2FIgasA3VV0iCIpU87NPimhbI-2B3fkSN9HpyykeAusTdKk62Vw-3D-3D
[INFO] 26-02-2025 18:38:43 [main] [LogUtils] - ExtentTest instance is null. Test info: Opening a new browser instance to perform additional actions
[INFO] 26-02-2025 18:38:43 [main] [LogUtils] - Test info: Opening a new browser instance to perform additional actions
[INFO] 26-02-2025 18:38:47 [main] [LogUtils] - Opened new browser instance for additional actions.
[ERROR] 26-02-2025 18:38:47 [main] [LogUtils] - Failed to capture screenshot: Illegal char <:> at index 42: screenshots\newBrowserOpened_26/02/2025 18:38:47.png
[INFO] 26-02-2025 18:38:47 [main] [LogUtils] - Navigating to URL: https://u24054449.ct.sendgrid.net/ls/click?upn=u001.uKTWfX-2BO7Cb7TshAM6sZKbEPm9EMqm9C4ZEtr6uuLun9WzqgtnF82p3mwtRkl8l6kvdK8O79Pbe-2By3oL-2FOovgRLsrvxOzFcLWjUmVZHFMSYxo4pL31ysTAxDgWi-2Fwl0d0Jv6j8337M1PQbHn-2ByF47HgZDmSJNIFOvhKkd7IfvuM6znFEt-2FOISzGeIcttEy4-2BWTLn-2FgGZuh0Kac4oEb-2FZCXOr5CP5CSu9XgxaIH-2Bc-2Bm4-3D2Wh3_xLcdvdxf4Fza8LcvkLiN7T2R0LE0AEGF9w71ltIf1dxiZxztG-2F-2FFBy-2BaknjWuan3S1snGKvnNFWrh23JyDr48xvjv0dlzKjn1dUx-2Bjfe4ts5ag6-2BwzCnl-2FZ326a1ofJ8-2FiCsyQdtU-2FZmGwg-2FjtBdre5IY9Z9gsksZJ8r1Gj1L-2B3m4jaUdkHXbuq6yeCCyA6s8KpriBzD68H3qMsG8XvO2KY7zOIP-2BmqG3edPLLi-2FPh9Wcg4qm-2BmrKBikVjc9WAR0Z3qS9nt0nZUBb-2B4JIS1m1413YY97apufSEOOPaTeY0cfEu8AH5ioknwUlO4kqrMdORl3iS1-2F1-2FVVpR277A6VplRmMI-2F0jr3FqFwr-2B4Oi-2FQIazlEHpgTDqFv2kt91vpfCsArmQ7zANCgqo-2F-2FFwTKsdGdnAyXYV6vQ5SVTcN-2FIgasA3VV0iCIpU87NPimhbI-2B3fkSN9HpyykeAusTdKk62Vw-3D-3D
[INFO] 26-02-2025 18:38:47 [main] [LogUtils] - ExtentTest instance is null. Test info: Navigating to URL: https://u24054449.ct.sendgrid.net/ls/click?upn=u001.uKTWfX-2BO7Cb7TshAM6sZKbEPm9EMqm9C4ZEtr6uuLun9WzqgtnF82p3mwtRkl8l6kvdK8O79Pbe-2By3oL-2FOovgRLsrvxOzFcLWjUmVZHFMSYxo4pL31ysTAxDgWi-2Fwl0d0Jv6j8337M1PQbHn-2ByF47HgZDmSJNIFOvhKkd7IfvuM6znFEt-2FOISzGeIcttEy4-2BWTLn-2FgGZuh0Kac4oEb-2FZCXOr5CP5CSu9XgxaIH-2Bc-2Bm4-3D2Wh3_xLcdvdxf4Fza8LcvkLiN7T2R0LE0AEGF9w71ltIf1dxiZxztG-2F-2FFBy-2BaknjWuan3S1snGKvnNFWrh23JyDr48xvjv0dlzKjn1dUx-2Bjfe4ts5ag6-2BwzCnl-2FZ326a1ofJ8-2FiCsyQdtU-2FZmGwg-2FjtBdre5IY9Z9gsksZJ8r1Gj1L-2B3m4jaUdkHXbuq6yeCCyA6s8KpriBzD68H3qMsG8XvO2KY7zOIP-2BmqG3edPLLi-2FPh9Wcg4qm-2BmrKBikVjc9WAR0Z3qS9nt0nZUBb-2B4JIS1m1413YY97apufSEOOPaTeY0cfEu8AH5ioknwUlO4kqrMdORl3iS1-2F1-2FVVpR277A6VplRmMI-2F0jr3FqFwr-2B4Oi-2FQIazlEHpgTDqFv2kt91vpfCsArmQ7zANCgqo-2F-2FFwTKsdGdnAyXYV6vQ5SVTcN-2FIgasA3VV0iCIpU87NPimhbI-2B3fkSN9HpyykeAusTdKk62Vw-3D-3D
[INFO] 26-02-2025 18:38:47 [main] [LogUtils] - Test info: Navigating to URL: https://u24054449.ct.sendgrid.net/ls/click?upn=u001.uKTWfX-2BO7Cb7TshAM6sZKbEPm9EMqm9C4ZEtr6uuLun9WzqgtnF82p3mwtRkl8l6kvdK8O79Pbe-2By3oL-2FOovgRLsrvxOzFcLWjUmVZHFMSYxo4pL31ysTAxDgWi-2Fwl0d0Jv6j8337M1PQbHn-2ByF47HgZDmSJNIFOvhKkd7IfvuM6znFEt-2FOISzGeIcttEy4-2BWTLn-2FgGZuh0Kac4oEb-2FZCXOr5CP5CSu9XgxaIH-2Bc-2Bm4-3D2Wh3_xLcdvdxf4Fza8LcvkLiN7T2R0LE0AEGF9w71ltIf1dxiZxztG-2F-2FFBy-2BaknjWuan3S1snGKvnNFWrh23JyDr48xvjv0dlzKjn1dUx-2Bjfe4ts5ag6-2BwzCnl-2FZ326a1ofJ8-2FiCsyQdtU-2FZmGwg-2FjtBdre5IY9Z9gsksZJ8r1Gj1L-2B3m4jaUdkHXbuq6yeCCyA6s8KpriBzD68H3qMsG8XvO2KY7zOIP-2BmqG3edPLLi-2FPh9Wcg4qm-2BmrKBikVjc9WAR0Z3qS9nt0nZUBb-2B4JIS1m1413YY97apufSEOOPaTeY0cfEu8AH5ioknwUlO4kqrMdORl3iS1-2F1-2FVVpR277A6VplRmMI-2F0jr3FqFwr-2B4Oi-2FQIazlEHpgTDqFv2kt91vpfCsArmQ7zANCgqo-2F-2FFwTKsdGdnAyXYV6vQ5SVTcN-2FIgasA3VV0iCIpU87NPimhbI-2B3fkSN9HpyykeAusTdKk62Vw-3D-3D
[ERROR] 26-02-2025 18:38:50 [main] [LogUtils] - Failed to capture screenshot: Illegal char <:> at index 34: screenshots\navigate_26/02/2025 18:38:50.png
[INFO] 26-02-2025 18:38:50 [main] [LogUtils] - ExtentTest instance is null. Test info: Filling text into element with selector: input[placeholder="New Password"] | Value: 123456
[INFO] 26-02-2025 18:38:50 [main] [LogUtils] - Test info: Filling text into element with selector: input[placeholder="New Password"] | Value: 123456
[ERROR] 26-02-2025 18:39:20 [main] [LogUtils] - Failed to fill element with selector: input[placeholder="New Password"] with error: Error {
  message='Timeout 30000ms exceeded.
  name='TimeoutError
  stack='TimeoutError: Timeout 30000ms exceeded.
    at ProgressController.run (C:\Users\Gnana\AppData\Local\Temp\playwright-java-9217004163664526145\package\lib\server\progress.js:75:26)
    at Frame.fill (C:\Users\Gnana\AppData\Local\Temp\playwright-java-9217004163664526145\package\lib\server\frames.js:1071:23)
    at FrameDispatcher.fill (C:\Users\Gnana\AppData\Local\Temp\playwright-java-9217004163664526145\package\lib\server\dispatchers\frameDispatcher.js:171:30)
    at FrameDispatcher._handleCommand (C:\Users\Gnana\AppData\Local\Temp\playwright-java-9217004163664526145\package\lib\server\dispatchers\dispatcher.js:94:40)
    at DispatcherConnection.dispatch (C:\Users\Gnana\AppData\Local\Temp\playwright-java-9217004163664526145\package\lib\server\dispatchers\dispatcher.js:361:39)
}
Call log:
-   - waiting for locator("input[placeholder=\"New Password\"]")

[ERROR] 26-02-2025 18:39:20 [main] [LogUtils] - ExtentTest instance is null. Test failed: Failed to fill text in element (selector: input[placeholder="New Password"]) | Error: Error {
  message='Timeout 30000ms exceeded.
  name='TimeoutError
  stack='TimeoutError: Timeout 30000ms exceeded.
    at ProgressController.run (C:\Users\Gnana\AppData\Local\Temp\playwright-java-9217004163664526145\package\lib\server\progress.js:75:26)
    at Frame.fill (C:\Users\Gnana\AppData\Local\Temp\playwright-java-9217004163664526145\package\lib\server\frames.js:1071:23)
    at FrameDispatcher.fill (C:\Users\Gnana\AppData\Local\Temp\playwright-java-9217004163664526145\package\lib\server\dispatchers\frameDispatcher.js:171:30)
    at FrameDispatcher._handleCommand (C:\Users\Gnana\AppData\Local\Temp\playwright-java-9217004163664526145\package\lib\server\dispatchers\dispatcher.js:94:40)
    at DispatcherConnection.dispatch (C:\Users\Gnana\AppData\Local\Temp\playwright-java-9217004163664526145\package\lib\server\dispatchers\dispatcher.js:361:39)
}
Call log:
-   - waiting for locator("input[placeholder=\"New Password\"]")

[ERROR] 26-02-2025 18:39:20 [main] [LogUtils] - Test failed: Failed to fill text in element (selector: input[placeholder="New Password"]) | Error: Error {
  message='Timeout 30000ms exceeded.
  name='TimeoutError
  stack='TimeoutError: Timeout 30000ms exceeded.
    at ProgressController.run (C:\Users\Gnana\AppData\Local\Temp\playwright-java-9217004163664526145\package\lib\server\progress.js:75:26)
    at Frame.fill (C:\Users\Gnana\AppData\Local\Temp\playwright-java-9217004163664526145\package\lib\server\frames.js:1071:23)
    at FrameDispatcher.fill (C:\Users\Gnana\AppData\Local\Temp\playwright-java-9217004163664526145\package\lib\server\dispatchers\frameDispatcher.js:171:30)
    at FrameDispatcher._handleCommand (C:\Users\Gnana\AppData\Local\Temp\playwright-java-9217004163664526145\package\lib\server\dispatchers\dispatcher.js:94:40)
    at DispatcherConnection.dispatch (C:\Users\Gnana\AppData\Local\Temp\playwright-java-9217004163664526145\package\lib\server\dispatchers\dispatcher.js:361:39)
}
Call log:
-   - waiting for locator("input[placeholder=\"New Password\"]")

[ERROR] 26-02-2025 18:39:20 [main] [LogUtils] - Error during actions in new browser: Error {
  message='Timeout 30000ms exceeded.
  name='TimeoutError
  stack='TimeoutError: Timeout 30000ms exceeded.
    at ProgressController.run (C:\Users\Gnana\AppData\Local\Temp\playwright-java-9217004163664526145\package\lib\server\progress.js:75:26)
    at Frame.fill (C:\Users\Gnana\AppData\Local\Temp\playwright-java-9217004163664526145\package\lib\server\frames.js:1071:23)
    at FrameDispatcher.fill (C:\Users\Gnana\AppData\Local\Temp\playwright-java-9217004163664526145\package\lib\server\dispatchers\frameDispatcher.js:171:30)
    at FrameDispatcher._handleCommand (C:\Users\Gnana\AppData\Local\Temp\playwright-java-9217004163664526145\package\lib\server\dispatchers\dispatcher.js:94:40)
    at DispatcherConnection.dispatch (C:\Users\Gnana\AppData\Local\Temp\playwright-java-9217004163664526145\package\lib\server\dispatchers\dispatcher.js:361:39)
}
Call log:
-   - waiting for locator("input[placeholder=\"New Password\"]")

[ERROR] 26-02-2025 18:39:20 [main] [LogUtils] - ExtentTest instance is null. Test failed: Error during actions in new browser | Error {
  message='Timeout 30000ms exceeded.
  name='TimeoutError
  stack='TimeoutError: Timeout 30000ms exceeded.
    at ProgressController.run (C:\Users\Gnana\AppData\Local\Temp\playwright-java-9217004163664526145\package\lib\server\progress.js:75:26)
    at Frame.fill (C:\Users\Gnana\AppData\Local\Temp\playwright-java-9217004163664526145\package\lib\server\frames.js:1071:23)
    at FrameDispatcher.fill (C:\Users\Gnana\AppData\Local\Temp\playwright-java-9217004163664526145\package\lib\server\dispatchers\frameDispatcher.js:171:30)
    at FrameDispatcher._handleCommand (C:\Users\Gnana\AppData\Local\Temp\playwright-java-9217004163664526145\package\lib\server\dispatchers\dispatcher.js:94:40)
    at DispatcherConnection.dispatch (C:\Users\Gnana\AppData\Local\Temp\playwright-java-9217004163664526145\package\lib\server\dispatchers\dispatcher.js:361:39)
}
Call log:
-   - waiting for locator("input[placeholder=\"New Password\"]")

[ERROR] 26-02-2025 18:39:20 [main] [LogUtils] - Test failed: Error during actions in new browser | Error {
  message='Timeout 30000ms exceeded.
  name='TimeoutError
  stack='TimeoutError: Timeout 30000ms exceeded.
    at ProgressController.run (C:\Users\Gnana\AppData\Local\Temp\playwright-java-9217004163664526145\package\lib\server\progress.js:75:26)
    at Frame.fill (C:\Users\Gnana\AppData\Local\Temp\playwright-java-9217004163664526145\package\lib\server\frames.js:1071:23)
    at FrameDispatcher.fill (C:\Users\Gnana\AppData\Local\Temp\playwright-java-9217004163664526145\package\lib\server\dispatchers\frameDispatcher.js:171:30)
    at FrameDispatcher._handleCommand (C:\Users\Gnana\AppData\Local\Temp\playwright-java-9217004163664526145\package\lib\server\dispatchers\dispatcher.js:94:40)
    at DispatcherConnection.dispatch (C:\Users\Gnana\AppData\Local\Temp\playwright-java-9217004163664526145\package\lib\server\dispatchers\dispatcher.js:361:39)
}
Call log:
-   - waiting for locator("input[placeholder=\"New Password\"]")

[INFO] 26-02-2025 18:39:22 [main] [LogUtils] - Returned to original browser instance.
[INFO] 26-02-2025 18:39:22 [main] [LogUtils] - ExtentTest instance is null. Test info: Returned to original browser instance.
[INFO] 26-02-2025 18:39:22 [main] [LogUtils] - Test info: Returned to original browser instance.
[ERROR] 26-02-2025 18:39:22 [main] [LogUtils] - Failed to capture screenshot: Illegal char <:> at index 51: screenshots\returnedToOriginalBrowser_26/02/2025 18:39:22.png
[INFO] 26-02-2025 18:39:22 [main] [LogUtils] - Closing browser and cleaning up...
[INFO] 26-02-2025 19:29:17 [main] [LogUtils] - Creating Playwright instance using factory method...
[INFO] 26-02-2025 19:29:17 [main] [LogUtils] - Warning !! Can not Load All File.
[INFO] 26-02-2025 19:29:24 [main] [LogUtils] - Page instance created: com.microsoft.playwright.impl.PageImpl@288a4658
[INFO] 26-02-2025 19:29:24 [main] [LogUtils] - Navigating to URL: https://staging.withassured.com/sign-in
[INFO] 26-02-2025 19:29:24 [main] [LogUtils] - ExtentTest instance is null. Test info: Navigating to URL: https://staging.withassured.com/sign-in
[INFO] 26-02-2025 19:29:24 [main] [LogUtils] - Test info: Navigating to URL: https://staging.withassured.com/sign-in
[ERROR] 26-02-2025 19:29:26 [main] [LogUtils] - Failed to capture screenshot: Illegal char <:> at index 34: screenshots\navigate_26/02/2025 19:29:26.png
[INFO] 26-02-2025 19:29:26 [main] [LogUtils] - Filling in email: 
[INFO] 26-02-2025 19:29:26 [main] [LogUtils] - ExtentTest instance is null. Test info: Filling text into element with selector: //*[@id='normal_login_email'] | Value: abc@gmail.com
[INFO] 26-02-2025 19:29:26 [main] [LogUtils] - Test info: Filling text into element with selector: //*[@id='normal_login_email'] | Value: abc@gmail.com
[INFO] 26-02-2025 19:29:26 [main] [LogUtils] - Filled element with selector: //*[@id='normal_login_email'] with text: abc@gmail.com
[ERROR] 26-02-2025 19:29:26 [main] [LogUtils] - Failed to capture screenshot: Illegal char <:> at index 33: screenshots\setText_26/02/2025 19:29:26.png
[INFO] 26-02-2025 19:29:26 [main] [LogUtils] - Filling in password.
[INFO] 26-02-2025 19:29:26 [main] [LogUtils] - ExtentTest instance is null. Test info: Filling text into element with selector: //*[@id='normal_login_password'] | Value: abc
[INFO] 26-02-2025 19:29:26 [main] [LogUtils] - Test info: Filling text into element with selector: //*[@id='normal_login_password'] | Value: abc
[INFO] 26-02-2025 19:29:26 [main] [LogUtils] - Filled element with selector: //*[@id='normal_login_password'] with text: abc
[ERROR] 26-02-2025 19:29:26 [main] [LogUtils] - Failed to capture screenshot: Illegal char <:> at index 33: screenshots\setText_26/02/2025 19:29:26.png
[INFO] 26-02-2025 19:29:34 [main] [LogUtils] - ExtentTest instance is null. Test info: Retrieving mail URL for domain: private, mailbox: abc1, expectedTo: abc1, expectedSubject: Onboarding Invite
[INFO] 26-02-2025 19:29:34 [main] [LogUtils] - Test info: Retrieving mail URL for domain: private, mailbox: abc1, expectedTo: abc1, expectedSubject: Onboarding Invite
[INFO] 26-02-2025 19:29:34 [main] [LogUtils] - Requesting inbox for domain: private
[INFO] 26-02-2025 19:29:36 [main] [LogUtils] - Inbox received with 4 messages
[INFO] 26-02-2025 19:29:36 [main] [LogUtils] - Matched message -> ID: abc1-1739950473-096790445903, To: abc1, Subject: Onboarding Invite
[INFO] 26-02-2025 19:29:36 [main] [LogUtils] - ExtentTest instance is null. Test info: Matched message details -> ID: abc1-1739950473-096790445903, To: abc1, Subject: Onboarding Invite
[INFO] 26-02-2025 19:29:36 [main] [LogUtils] - Test info: Matched message details -> ID: abc1-1739950473-096790445903, To: abc1, Subject: Onboarding Invite
[WARN] 26-02-2025 19:29:36 [main] [LogUtils] - No URL found in subject. Trying links API for message id: abc1-1739950473-096790445903
[INFO] 26-02-2025 19:29:36 [main] [LogUtils] - ExtentTest instance is null. Test info: No URL in subject, checking links API...
[INFO] 26-02-2025 19:29:36 [main] [LogUtils] - Test info: No URL in subject, checking links API...
[INFO] 26-02-2025 19:29:37 [main] [LogUtils] - Retrieved URL from links API: https://u24054449.ct.sendgrid.net/ls/click?upn=u001.uKTWfX-2BO7Cb7TshAM6sZKbEPm9EMqm9C4ZEtr6uuLun9WzqgtnF82p3mwtRkl8l6kvdK8O79Pbe-2By3oL-2FOovgRLsrvxOzFcLWjUmVZHFMSYxo4pL31ysTAxDgWi-2Fwl0d0Jv6j8337M1PQbHn-2ByF47HgZDmSJNIFOvhKkd7IfvuM6znFEt-2FOISzGeIcttEy4-2BWTLn-2FgGZuh0Kac4oEb-2FZCXOr5CP5CSu9XgxaIH-2Bc-2Bm4-3D2Wh3_xLcdvdxf4Fza8LcvkLiN7T2R0LE0AEGF9w71ltIf1dxiZxztG-2F-2FFBy-2BaknjWuan3S1snGKvnNFWrh23JyDr48xvjv0dlzKjn1dUx-2Bjfe4ts5ag6-2BwzCnl-2FZ326a1ofJ8-2FiCsyQdtU-2FZmGwg-2FjtBdre5IY9Z9gsksZJ8r1Gj1L-2B3m4jaUdkHXbuq6yeCCyA6s8KpriBzD68H3qMsG8XvO2KY7zOIP-2BmqG3edPLLi-2FPh9Wcg4qm-2BmrKBikVjc9WAR0Z3qS9nt0nZUBb-2B4JIS1m1413YY97apufSEOOPaTeY0cfEu8AH5ioknwUlO4kqrMdORl3iS1-2F1-2FVVpR277A6VplRmMI-2F0jr3FqFwr-2B4Oi-2FQIazlEHpgTDqFv2kt91vpfCsArmQ7zANCgqo-2F-2FFwTKsdGdnAyXYV6vQ5SVTcN-2FIgasA3VV0iCIpU87NPimhbI-2B3fkSN9HpyykeAusTdKk62Vw-3D-3D
[INFO] 26-02-2025 19:29:37 [main] [LogUtils] - ExtentTest instance is null. Test info: Mail invite URL retrieved from links API: https://u24054449.ct.sendgrid.net/ls/click?upn=u001.uKTWfX-2BO7Cb7TshAM6sZKbEPm9EMqm9C4ZEtr6uuLun9WzqgtnF82p3mwtRkl8l6kvdK8O79Pbe-2By3oL-2FOovgRLsrvxOzFcLWjUmVZHFMSYxo4pL31ysTAxDgWi-2Fwl0d0Jv6j8337M1PQbHn-2ByF47HgZDmSJNIFOvhKkd7IfvuM6znFEt-2FOISzGeIcttEy4-2BWTLn-2FgGZuh0Kac4oEb-2FZCXOr5CP5CSu9XgxaIH-2Bc-2Bm4-3D2Wh3_xLcdvdxf4Fza8LcvkLiN7T2R0LE0AEGF9w71ltIf1dxiZxztG-2F-2FFBy-2BaknjWuan3S1snGKvnNFWrh23JyDr48xvjv0dlzKjn1dUx-2Bjfe4ts5ag6-2BwzCnl-2FZ326a1ofJ8-2FiCsyQdtU-2FZmGwg-2FjtBdre5IY9Z9gsksZJ8r1Gj1L-2B3m4jaUdkHXbuq6yeCCyA6s8KpriBzD68H3qMsG8XvO2KY7zOIP-2BmqG3edPLLi-2FPh9Wcg4qm-2BmrKBikVjc9WAR0Z3qS9nt0nZUBb-2B4JIS1m1413YY97apufSEOOPaTeY0cfEu8AH5ioknwUlO4kqrMdORl3iS1-2F1-2FVVpR277A6VplRmMI-2F0jr3FqFwr-2B4Oi-2FQIazlEHpgTDqFv2kt91vpfCsArmQ7zANCgqo-2F-2FFwTKsdGdnAyXYV6vQ5SVTcN-2FIgasA3VV0iCIpU87NPimhbI-2B3fkSN9HpyykeAusTdKk62Vw-3D-3D
[INFO] 26-02-2025 19:29:37 [main] [LogUtils] - Test info: Mail invite URL retrieved from links API: https://u24054449.ct.sendgrid.net/ls/click?upn=u001.uKTWfX-2BO7Cb7TshAM6sZKbEPm9EMqm9C4ZEtr6uuLun9WzqgtnF82p3mwtRkl8l6kvdK8O79Pbe-2By3oL-2FOovgRLsrvxOzFcLWjUmVZHFMSYxo4pL31ysTAxDgWi-2Fwl0d0Jv6j8337M1PQbHn-2ByF47HgZDmSJNIFOvhKkd7IfvuM6znFEt-2FOISzGeIcttEy4-2BWTLn-2FgGZuh0Kac4oEb-2FZCXOr5CP5CSu9XgxaIH-2Bc-2Bm4-3D2Wh3_xLcdvdxf4Fza8LcvkLiN7T2R0LE0AEGF9w71ltIf1dxiZxztG-2F-2FFBy-2BaknjWuan3S1snGKvnNFWrh23JyDr48xvjv0dlzKjn1dUx-2Bjfe4ts5ag6-2BwzCnl-2FZ326a1ofJ8-2FiCsyQdtU-2FZmGwg-2FjtBdre5IY9Z9gsksZJ8r1Gj1L-2B3m4jaUdkHXbuq6yeCCyA6s8KpriBzD68H3qMsG8XvO2KY7zOIP-2BmqG3edPLLi-2FPh9Wcg4qm-2BmrKBikVjc9WAR0Z3qS9nt0nZUBb-2B4JIS1m1413YY97apufSEOOPaTeY0cfEu8AH5ioknwUlO4kqrMdORl3iS1-2F1-2FVVpR277A6VplRmMI-2F0jr3FqFwr-2B4Oi-2FQIazlEHpgTDqFv2kt91vpfCsArmQ7zANCgqo-2F-2FFwTKsdGdnAyXYV6vQ5SVTcN-2FIgasA3VV0iCIpU87NPimhbI-2B3fkSN9HpyykeAusTdKk62Vw-3D-3D
[INFO] 26-02-2025 19:29:37 [main] [LogUtils] - ExtentTest instance is null. Test info: Opening a new browser instance to perform additional actions
[INFO] 26-02-2025 19:29:37 [main] [LogUtils] - Test info: Opening a new browser instance to perform additional actions
[INFO] 26-02-2025 19:29:38 [main] [LogUtils] - Opened new browser instance for additional actions.
[ERROR] 26-02-2025 19:29:38 [main] [LogUtils] - Failed to capture screenshot: Illegal char <:> at index 42: screenshots\newBrowserOpened_26/02/2025 19:29:38.png
[INFO] 26-02-2025 19:29:38 [main] [LogUtils] - Navigating to URL: https://u24054449.ct.sendgrid.net/ls/click?upn=u001.uKTWfX-2BO7Cb7TshAM6sZKbEPm9EMqm9C4ZEtr6uuLun9WzqgtnF82p3mwtRkl8l6kvdK8O79Pbe-2By3oL-2FOovgRLsrvxOzFcLWjUmVZHFMSYxo4pL31ysTAxDgWi-2Fwl0d0Jv6j8337M1PQbHn-2ByF47HgZDmSJNIFOvhKkd7IfvuM6znFEt-2FOISzGeIcttEy4-2BWTLn-2FgGZuh0Kac4oEb-2FZCXOr5CP5CSu9XgxaIH-2Bc-2Bm4-3D2Wh3_xLcdvdxf4Fza8LcvkLiN7T2R0LE0AEGF9w71ltIf1dxiZxztG-2F-2FFBy-2BaknjWuan3S1snGKvnNFWrh23JyDr48xvjv0dlzKjn1dUx-2Bjfe4ts5ag6-2BwzCnl-2FZ326a1ofJ8-2FiCsyQdtU-2FZmGwg-2FjtBdre5IY9Z9gsksZJ8r1Gj1L-2B3m4jaUdkHXbuq6yeCCyA6s8KpriBzD68H3qMsG8XvO2KY7zOIP-2BmqG3edPLLi-2FPh9Wcg4qm-2BmrKBikVjc9WAR0Z3qS9nt0nZUBb-2B4JIS1m1413YY97apufSEOOPaTeY0cfEu8AH5ioknwUlO4kqrMdORl3iS1-2F1-2FVVpR277A6VplRmMI-2F0jr3FqFwr-2B4Oi-2FQIazlEHpgTDqFv2kt91vpfCsArmQ7zANCgqo-2F-2FFwTKsdGdnAyXYV6vQ5SVTcN-2FIgasA3VV0iCIpU87NPimhbI-2B3fkSN9HpyykeAusTdKk62Vw-3D-3D
[INFO] 26-02-2025 19:29:38 [main] [LogUtils] - ExtentTest instance is null. Test info: Navigating to URL: https://u24054449.ct.sendgrid.net/ls/click?upn=u001.uKTWfX-2BO7Cb7TshAM6sZKbEPm9EMqm9C4ZEtr6uuLun9WzqgtnF82p3mwtRkl8l6kvdK8O79Pbe-2By3oL-2FOovgRLsrvxOzFcLWjUmVZHFMSYxo4pL31ysTAxDgWi-2Fwl0d0Jv6j8337M1PQbHn-2ByF47HgZDmSJNIFOvhKkd7IfvuM6znFEt-2FOISzGeIcttEy4-2BWTLn-2FgGZuh0Kac4oEb-2FZCXOr5CP5CSu9XgxaIH-2Bc-2Bm4-3D2Wh3_xLcdvdxf4Fza8LcvkLiN7T2R0LE0AEGF9w71ltIf1dxiZxztG-2F-2FFBy-2BaknjWuan3S1snGKvnNFWrh23JyDr48xvjv0dlzKjn1dUx-2Bjfe4ts5ag6-2BwzCnl-2FZ326a1ofJ8-2FiCsyQdtU-2FZmGwg-2FjtBdre5IY9Z9gsksZJ8r1Gj1L-2B3m4jaUdkHXbuq6yeCCyA6s8KpriBzD68H3qMsG8XvO2KY7zOIP-2BmqG3edPLLi-2FPh9Wcg4qm-2BmrKBikVjc9WAR0Z3qS9nt0nZUBb-2B4JIS1m1413YY97apufSEOOPaTeY0cfEu8AH5ioknwUlO4kqrMdORl3iS1-2F1-2FVVpR277A6VplRmMI-2F0jr3FqFwr-2B4Oi-2FQIazlEHpgTDqFv2kt91vpfCsArmQ7zANCgqo-2F-2FFwTKsdGdnAyXYV6vQ5SVTcN-2FIgasA3VV0iCIpU87NPimhbI-2B3fkSN9HpyykeAusTdKk62Vw-3D-3D
[INFO] 26-02-2025 19:29:38 [main] [LogUtils] - Test info: Navigating to URL: https://u24054449.ct.sendgrid.net/ls/click?upn=u001.uKTWfX-2BO7Cb7TshAM6sZKbEPm9EMqm9C4ZEtr6uuLun9WzqgtnF82p3mwtRkl8l6kvdK8O79Pbe-2By3oL-2FOovgRLsrvxOzFcLWjUmVZHFMSYxo4pL31ysTAxDgWi-2Fwl0d0Jv6j8337M1PQbHn-2ByF47HgZDmSJNIFOvhKkd7IfvuM6znFEt-2FOISzGeIcttEy4-2BWTLn-2FgGZuh0Kac4oEb-2FZCXOr5CP5CSu9XgxaIH-2Bc-2Bm4-3D2Wh3_xLcdvdxf4Fza8LcvkLiN7T2R0LE0AEGF9w71ltIf1dxiZxztG-2F-2FFBy-2BaknjWuan3S1snGKvnNFWrh23JyDr48xvjv0dlzKjn1dUx-2Bjfe4ts5ag6-2BwzCnl-2FZ326a1ofJ8-2FiCsyQdtU-2FZmGwg-2FjtBdre5IY9Z9gsksZJ8r1Gj1L-2B3m4jaUdkHXbuq6yeCCyA6s8KpriBzD68H3qMsG8XvO2KY7zOIP-2BmqG3edPLLi-2FPh9Wcg4qm-2BmrKBikVjc9WAR0Z3qS9nt0nZUBb-2B4JIS1m1413YY97apufSEOOPaTeY0cfEu8AH5ioknwUlO4kqrMdORl3iS1-2F1-2FVVpR277A6VplRmMI-2F0jr3FqFwr-2B4Oi-2FQIazlEHpgTDqFv2kt91vpfCsArmQ7zANCgqo-2F-2FFwTKsdGdnAyXYV6vQ5SVTcN-2FIgasA3VV0iCIpU87NPimhbI-2B3fkSN9HpyykeAusTdKk62Vw-3D-3D
[ERROR] 26-02-2025 19:29:41 [main] [LogUtils] - Failed to capture screenshot: Illegal char <:> at index 34: screenshots\navigate_26/02/2025 19:29:41.png
[INFO] 26-02-2025 19:29:41 [main] [LogUtils] - ExtentTest instance is null. Test info: Filling text into element with selector: input[placeholder="New Password"] | Value: 123456
[INFO] 26-02-2025 19:29:41 [main] [LogUtils] - Test info: Filling text into element with selector: input[placeholder="New Password"] | Value: 123456
[ERROR] 26-02-2025 19:30:11 [main] [LogUtils] - Failed to fill element with selector: input[placeholder="New Password"] with error: Error {
  message='Timeout 30000ms exceeded.
  name='TimeoutError
  stack='TimeoutError: Timeout 30000ms exceeded.
    at ProgressController.run (C:\Users\Gnana\AppData\Local\Temp\playwright-java-14006025254984659249\package\lib\server\progress.js:75:26)
    at Frame.fill (C:\Users\Gnana\AppData\Local\Temp\playwright-java-14006025254984659249\package\lib\server\frames.js:1071:23)
    at FrameDispatcher.fill (C:\Users\Gnana\AppData\Local\Temp\playwright-java-14006025254984659249\package\lib\server\dispatchers\frameDispatcher.js:171:30)
    at FrameDispatcher._handleCommand (C:\Users\Gnana\AppData\Local\Temp\playwright-java-14006025254984659249\package\lib\server\dispatchers\dispatcher.js:94:40)
    at DispatcherConnection.dispatch (C:\Users\Gnana\AppData\Local\Temp\playwright-java-14006025254984659249\package\lib\server\dispatchers\dispatcher.js:361:39)
}
Call log:
-   - waiting for locator("input[placeholder=\"New Password\"]")

[ERROR] 26-02-2025 19:30:11 [main] [LogUtils] - ExtentTest instance is null. Test failed: Failed to fill text in element (selector: input[placeholder="New Password"]) | Error: Error {
  message='Timeout 30000ms exceeded.
  name='TimeoutError
  stack='TimeoutError: Timeout 30000ms exceeded.
    at ProgressController.run (C:\Users\Gnana\AppData\Local\Temp\playwright-java-14006025254984659249\package\lib\server\progress.js:75:26)
    at Frame.fill (C:\Users\Gnana\AppData\Local\Temp\playwright-java-14006025254984659249\package\lib\server\frames.js:1071:23)
    at FrameDispatcher.fill (C:\Users\Gnana\AppData\Local\Temp\playwright-java-14006025254984659249\package\lib\server\dispatchers\frameDispatcher.js:171:30)
    at FrameDispatcher._handleCommand (C:\Users\Gnana\AppData\Local\Temp\playwright-java-14006025254984659249\package\lib\server\dispatchers\dispatcher.js:94:40)
    at DispatcherConnection.dispatch (C:\Users\Gnana\AppData\Local\Temp\playwright-java-14006025254984659249\package\lib\server\dispatchers\dispatcher.js:361:39)
}
Call log:
-   - waiting for locator("input[placeholder=\"New Password\"]")

[ERROR] 26-02-2025 19:30:11 [main] [LogUtils] - Test failed: Failed to fill text in element (selector: input[placeholder="New Password"]) | Error: Error {
  message='Timeout 30000ms exceeded.
  name='TimeoutError
  stack='TimeoutError: Timeout 30000ms exceeded.
    at ProgressController.run (C:\Users\Gnana\AppData\Local\Temp\playwright-java-14006025254984659249\package\lib\server\progress.js:75:26)
    at Frame.fill (C:\Users\Gnana\AppData\Local\Temp\playwright-java-14006025254984659249\package\lib\server\frames.js:1071:23)
    at FrameDispatcher.fill (C:\Users\Gnana\AppData\Local\Temp\playwright-java-14006025254984659249\package\lib\server\dispatchers\frameDispatcher.js:171:30)
    at FrameDispatcher._handleCommand (C:\Users\Gnana\AppData\Local\Temp\playwright-java-14006025254984659249\package\lib\server\dispatchers\dispatcher.js:94:40)
    at DispatcherConnection.dispatch (C:\Users\Gnana\AppData\Local\Temp\playwright-java-14006025254984659249\package\lib\server\dispatchers\dispatcher.js:361:39)
}
Call log:
-   - waiting for locator("input[placeholder=\"New Password\"]")

[ERROR] 26-02-2025 19:30:11 [main] [LogUtils] - Error during actions in new browser: Error {
  message='Timeout 30000ms exceeded.
  name='TimeoutError
  stack='TimeoutError: Timeout 30000ms exceeded.
    at ProgressController.run (C:\Users\Gnana\AppData\Local\Temp\playwright-java-14006025254984659249\package\lib\server\progress.js:75:26)
    at Frame.fill (C:\Users\Gnana\AppData\Local\Temp\playwright-java-14006025254984659249\package\lib\server\frames.js:1071:23)
    at FrameDispatcher.fill (C:\Users\Gnana\AppData\Local\Temp\playwright-java-14006025254984659249\package\lib\server\dispatchers\frameDispatcher.js:171:30)
    at FrameDispatcher._handleCommand (C:\Users\Gnana\AppData\Local\Temp\playwright-java-14006025254984659249\package\lib\server\dispatchers\dispatcher.js:94:40)
    at DispatcherConnection.dispatch (C:\Users\Gnana\AppData\Local\Temp\playwright-java-14006025254984659249\package\lib\server\dispatchers\dispatcher.js:361:39)
}
Call log:
-   - waiting for locator("input[placeholder=\"New Password\"]")

[ERROR] 26-02-2025 19:30:11 [main] [LogUtils] - ExtentTest instance is null. Test failed: Error during actions in new browser | Error {
  message='Timeout 30000ms exceeded.
  name='TimeoutError
  stack='TimeoutError: Timeout 30000ms exceeded.
    at ProgressController.run (C:\Users\Gnana\AppData\Local\Temp\playwright-java-14006025254984659249\package\lib\server\progress.js:75:26)
    at Frame.fill (C:\Users\Gnana\AppData\Local\Temp\playwright-java-14006025254984659249\package\lib\server\frames.js:1071:23)
    at FrameDispatcher.fill (C:\Users\Gnana\AppData\Local\Temp\playwright-java-14006025254984659249\package\lib\server\dispatchers\frameDispatcher.js:171:30)
    at FrameDispatcher._handleCommand (C:\Users\Gnana\AppData\Local\Temp\playwright-java-14006025254984659249\package\lib\server\dispatchers\dispatcher.js:94:40)
    at DispatcherConnection.dispatch (C:\Users\Gnana\AppData\Local\Temp\playwright-java-14006025254984659249\package\lib\server\dispatchers\dispatcher.js:361:39)
}
Call log:
-   - waiting for locator("input[placeholder=\"New Password\"]")

[ERROR] 26-02-2025 19:30:11 [main] [LogUtils] - Test failed: Error during actions in new browser | Error {
  message='Timeout 30000ms exceeded.
  name='TimeoutError
  stack='TimeoutError: Timeout 30000ms exceeded.
    at ProgressController.run (C:\Users\Gnana\AppData\Local\Temp\playwright-java-14006025254984659249\package\lib\server\progress.js:75:26)
    at Frame.fill (C:\Users\Gnana\AppData\Local\Temp\playwright-java-14006025254984659249\package\lib\server\frames.js:1071:23)
    at FrameDispatcher.fill (C:\Users\Gnana\AppData\Local\Temp\playwright-java-14006025254984659249\package\lib\server\dispatchers\frameDispatcher.js:171:30)
    at FrameDispatcher._handleCommand (C:\Users\Gnana\AppData\Local\Temp\playwright-java-14006025254984659249\package\lib\server\dispatchers\dispatcher.js:94:40)
    at DispatcherConnection.dispatch (C:\Users\Gnana\AppData\Local\Temp\playwright-java-14006025254984659249\package\lib\server\dispatchers\dispatcher.js:361:39)
}
Call log:
-   - waiting for locator("input[placeholder=\"New Password\"]")

[INFO] 26-02-2025 19:30:12 [main] [LogUtils] - Returned to original browser instance.
[INFO] 26-02-2025 19:30:12 [main] [LogUtils] - ExtentTest instance is null. Test info: Returned to original browser instance.
[INFO] 26-02-2025 19:30:12 [main] [LogUtils] - Test info: Returned to original browser instance.
[ERROR] 26-02-2025 19:30:12 [main] [LogUtils] - Failed to capture screenshot: Illegal char <:> at index 51: screenshots\returnedToOriginalBrowser_26/02/2025 19:30:12.png
[INFO] 26-02-2025 19:30:12 [main] [LogUtils] - Closing browser and cleaning up...
